<?xml version="1.0" encoding="UTF-8"?>
<testng-results ignored="0" total="2" passed="2" failed="0" skipped="0">
  <reporter-output>
  </reporter-output>
  <suite started-at="2023-06-06T14:49:43 IST" name="TestSuite" finished-at="2023-06-06T14:51:35 IST" duration-ms="111648">
    <groups>
    </groups>
    <test started-at="2023-06-06T14:49:43 IST" name="Test" finished-at="2023-06-06T14:51:35 IST" duration-ms="111648">
      <class name="orange.com.Testlayer.LoginTest">
        <test-method is-config="true" signature="setBrowser(java.lang.String)[pri:0, instance:orange.com.Testlayer.LoginTest@323b36e0]" started-at="2023-06-06T14:49:43 IST" name="setBrowser" finished-at="2023-06-06T14:49:57 IST" duration-ms="14053" status="PASS">
          <params>
            <param index="0">
              <value>
                <![CDATA[chrome]]>
              </value>
            </param>
          </params>
          <reporter-output>
          </reporter-output>
        </test-method> <!-- setBrowser -->
        <test-method is-config="true" signature="started()[pri:0, instance:orange.com.Testlayer.LoginTest@323b36e0]" started-at="2023-06-06T14:49:57 IST" name="started" finished-at="2023-06-06T14:49:57 IST" duration-ms="110" status="PASS">
          <reporter-output>
          </reporter-output>
        </test-method> <!-- started -->
        <test-method signature="verifyLogin()[pri:0, instance:orange.com.Testlayer.LoginTest@323b36e0]" started-at="2023-06-06T14:49:57 IST" name="verifyLogin" finished-at="2023-06-06T14:50:21 IST" duration-ms="23736" status="PASS">
          <reporter-output>
          </reporter-output>
        </test-method> <!-- verifyLogin -->
        <test-method is-config="true" signature="stopped()[pri:0, instance:orange.com.Testlayer.LoginTest@323b36e0]" started-at="2023-06-06T14:50:21 IST" name="stopped" finished-at="2023-06-06T14:50:21 IST" duration-ms="2" status="PASS">
          <reporter-output>
          </reporter-output>
        </test-method> <!-- stopped -->
        <test-method is-config="true" signature="tearDown()[pri:0, instance:orange.com.Testlayer.LoginTest@323b36e0]" started-at="2023-06-06T14:50:21 IST" name="tearDown" finished-at="2023-06-06T14:50:22 IST" duration-ms="680" status="PASS">
          <reporter-output>
          </reporter-output>
        </test-method> <!-- tearDown -->
      </class> <!-- orange.com.Testlayer.LoginTest -->
      <class name="orange.com.Testlayer.AdminTest">
        <test-method is-config="true" signature="setBrowser(java.lang.String)[pri:0, instance:orange.com.Testlayer.AdminTest@16d04d3d]" started-at="2023-06-06T14:50:22 IST" name="setBrowser" finished-at="2023-06-06T14:50:38 IST" duration-ms="16609" status="PASS">
          <params>
            <param index="0">
              <value>
                <![CDATA[chrome]]>
              </value>
            </param>
          </params>
          <reporter-output>
          </reporter-output>
        </test-method> <!-- setBrowser -->
        <test-method is-config="true" signature="started()[pri:0, instance:orange.com.Testlayer.AdminTest@16d04d3d]" started-at="2023-06-06T14:50:38 IST" name="started" finished-at="2023-06-06T14:50:38 IST" duration-ms="8" status="PASS">
          <reporter-output>
          </reporter-output>
        </test-method> <!-- started -->
        <test-method signature="verifyAdminPage()[pri:0, instance:orange.com.Testlayer.AdminTest@16d04d3d]" started-at="2023-06-06T14:50:38 IST" name="verifyAdminPage" finished-at="2023-06-06T14:51:34 IST" duration-ms="55965" status="PASS">
          <reporter-output>
          </reporter-output>
        </test-method> <!-- verifyAdminPage -->
        <test-method is-config="true" signature="stopped()[pri:0, instance:orange.com.Testlayer.AdminTest@16d04d3d]" started-at="2023-06-06T14:51:34 IST" name="stopped" finished-at="2023-06-06T14:51:34 IST" duration-ms="2" status="PASS">
          <reporter-output>
          </reporter-output>
        </test-method> <!-- stopped -->
        <test-method is-config="true" signature="tearDown()[pri:0, instance:orange.com.Testlayer.AdminTest@16d04d3d]" started-at="2023-06-06T14:51:34 IST" name="tearDown" finished-at="2023-06-06T14:51:35 IST" duration-ms="410" status="PASS">
          <reporter-output>
          </reporter-output>
        </test-method> <!-- tearDown -->
      </class> <!-- orange.com.Testlayer.AdminTest -->
    </test> <!-- Test -->
  </suite> <!-- TestSuite -->
</testng-results>
