<?xml version="1.0" encoding="UTF-8"?>
<testng-results ignored="0" total="1" passed="1" failed="0" skipped="0">
  <reporter-output>
  </reporter-output>
  <suite started-at="2023-06-05T10:43:10 IST" name="TestSuite" finished-at="2023-06-05T10:44:21 IST" duration-ms="70984">
    <groups>
    </groups>
    <test started-at="2023-06-05T10:43:10 IST" name="Test" finished-at="2023-06-05T10:44:21 IST" duration-ms="70984">
      <class name="orange.com.Testlayer.AdminTest">
        <test-method is-config="true" signature="setBrowser(java.lang.String)[pri:0, instance:orange.com.Testlayer.AdminTest@661972b0]" started-at="2023-06-05T10:43:10 IST" name="setBrowser" finished-at="2023-06-05T10:43:25 IST" duration-ms="14251" status="PASS">
          <params>
            <param index="0">
              <value>
                <![CDATA[chrome]]>
              </value>
            </param>
          </params>
          <reporter-output>
          </reporter-output>
        </test-method> <!-- setBrowser -->
        <test-method is-config="true" signature="started()[pri:0, instance:orange.com.Testlayer.AdminTest@661972b0]" started-at="2023-06-05T10:43:25 IST" name="started" finished-at="2023-06-05T10:43:25 IST" duration-ms="108" status="PASS">
          <reporter-output>
          </reporter-output>
        </test-method> <!-- started -->
        <test-method signature="verifyAdminPage()[pri:0, instance:orange.com.Testlayer.AdminTest@661972b0]" started-at="2023-06-05T10:43:25 IST" name="verifyAdminPage" finished-at="2023-06-05T10:44:21 IST" duration-ms="55942" status="PASS">
          <reporter-output>
          </reporter-output>
        </test-method> <!-- verifyAdminPage -->
        <test-method is-config="true" signature="tearDown()[pri:0, instance:orange.com.Testlayer.AdminTest@661972b0]" started-at="2023-06-05T10:44:21 IST" name="tearDown" finished-at="2023-06-05T10:44:21 IST" duration-ms="571" status="PASS">
          <reporter-output>
          </reporter-output>
        </test-method> <!-- tearDown -->
        <test-method is-config="true" signature="stopped()[pri:0, instance:orange.com.Testlayer.AdminTest@661972b0]" started-at="2023-06-05T10:44:21 IST" name="stopped" finished-at="2023-06-05T10:44:21 IST" duration-ms="0" status="PASS">
          <reporter-output>
          </reporter-output>
        </test-method> <!-- stopped -->
      </class> <!-- orange.com.Testlayer.AdminTest -->
    </test> <!-- Test -->
  </suite> <!-- TestSuite -->
</testng-results>
